2023-05-21 10:27:09.174927: I tensorflow/core/platform/cpu_feature_guard.cc:193] This TensorFlow binary is optimized with oneAPI Deep Neural Network Library (oneDNN) to use the following CPU instructions in performance-critical operations:  SSE4.1 SSE4.2 AVX AVX2 FMA
To enable them in other operations, rebuild TensorFlow with the appropriate compiler flags.
Traceback (most recent call last):
  File "/root/projects/jpthesis/keygens/masterthesis/codebase/data/data_files/add_masking_script.py", line 4, in <module>
    df = pd.read_csv('data/data_files/pipeline_steps/random_articles/6.1_sentences_filtersadded.csv')
  File "/root/miniconda3/envs/jannis-env9/lib/python3.9/site-packages/pandas/io/parsers/readers.py", line 912, in read_csv
    return _read(filepath_or_buffer, kwds)
  File "/root/miniconda3/envs/jannis-env9/lib/python3.9/site-packages/pandas/io/parsers/readers.py", line 577, in _read
    parser = TextFileReader(filepath_or_buffer, **kwds)
  File "/root/miniconda3/envs/jannis-env9/lib/python3.9/site-packages/pandas/io/parsers/readers.py", line 1407, in __init__
    self._engine = self._make_engine(f, self.engine)
  File "/root/miniconda3/envs/jannis-env9/lib/python3.9/site-packages/pandas/io/parsers/readers.py", line 1661, in _make_engine
    self.handles = get_handle(
  File "/root/miniconda3/envs/jannis-env9/lib/python3.9/site-packages/pandas/io/common.py", line 859, in get_handle
    handle = open(
FileNotFoundError: [Errno 2] No such file or directory: 'data/data_files/pipeline_steps/random_articles/6.1_sentences_filtersadded.csv'
2023-05-21 10:28:02.717192: I tensorflow/core/platform/cpu_feature_guard.cc:193] This TensorFlow binary is optimized with oneAPI Deep Neural Network Library (oneDNN) to use the following CPU instructions in performance-critical operations:  SSE4.1 SSE4.2 AVX AVX2 FMA
To enable them in other operations, rebuild TensorFlow with the appropriate compiler flags.
707478 long...___
Processed 1000 nonresolved_sentences.
Processed 2000 nonresolved_sentences.
Processed 3000 nonresolved_sentences.
Processed 4000 nonresolved_sentences.
Processed 5000 nonresolved_sentences.
Processed 6000 nonresolved_sentences.
Processed 7000 nonresolved_sentences.
Processed 8000 nonresolved_sentences.
Processed 9000 nonresolved_sentences.
Processed 10000 nonresolved_sentences.
Processed 11000 nonresolved_sentences.
Processed 12000 nonresolved_sentences.
Processed 13000 nonresolved_sentences.
Processed 14000 nonresolved_sentences.
Processed 15000 nonresolved_sentences.
Processed 16000 nonresolved_sentences.
Processed 17000 nonresolved_sentences.
Processed 18000 nonresolved_sentences.
Processed 19000 nonresolved_sentences.
Processed 20000 nonresolved_sentences.
Processed 21000 nonresolved_sentences.
Processed 22000 nonresolved_sentences.
Processed 23000 nonresolved_sentences.
Processed 24000 nonresolved_sentences.
Processed 25000 nonresolved_sentences.
Processed 26000 nonresolved_sentences.
Processed 27000 nonresolved_sentences.
Processed 28000 nonresolved_sentences.
Processed 29000 nonresolved_sentences.
Processed 30000 nonresolved_sentences.
Processed 31000 nonresolved_sentences.
Processed 32000 nonresolved_sentences.
Processed 33000 nonresolved_sentences.
Processed 34000 nonresolved_sentences.
Processed 35000 nonresolved_sentences.
Processed 36000 nonresolved_sentences.
Processed 37000 nonresolved_sentences.
Processed 38000 nonresolved_sentences.
Processed 39000 nonresolved_sentences.
Processed 40000 nonresolved_sentences.
Processed 41000 nonresolved_sentences.
Processed 42000 nonresolved_sentences.
Processed 43000 nonresolved_sentences.
Processed 44000 nonresolved_sentences.
Processed 45000 nonresolved_sentences.
Processed 46000 nonresolved_sentences.
Processed 47000 nonresolved_sentences.
Processed 48000 nonresolved_sentences.
Processed 49000 nonresolved_sentences.
Processed 50000 nonresolved_sentences.
Processed 51000 nonresolved_sentences.
Processed 52000 nonresolved_sentences.
Processed 53000 nonresolved_sentences.
Processed 54000 nonresolved_sentences.
Processed 55000 nonresolved_sentences.
Processed 56000 nonresolved_sentences.
Processed 57000 nonresolved_sentences.
Processed 58000 nonresolved_sentences.
Processed 59000 nonresolved_sentences.
Processed 60000 nonresolved_sentences.
Processed 61000 nonresolved_sentences.
Processed 62000 nonresolved_sentences.
Processed 63000 nonresolved_sentences.
Processed 64000 nonresolved_sentences.
Processed 65000 nonresolved_sentences.
Processed 66000 nonresolved_sentences.
Processed 67000 nonresolved_sentences.
Processed 68000 nonresolved_sentences.
Processed 69000 nonresolved_sentences.
Processed 70000 nonresolved_sentences.
Processed 71000 nonresolved_sentences.
Processed 72000 nonresolved_sentences.
Processed 73000 nonresolved_sentences.
Processed 74000 nonresolved_sentences.
Processed 75000 nonresolved_sentences.
Processed 76000 nonresolved_sentences.
Processed 77000 nonresolved_sentences.
Processed 78000 nonresolved_sentences.
Processed 79000 nonresolved_sentences.
Processed 80000 nonresolved_sentences.
Processed 81000 nonresolved_sentences.
Processed 82000 nonresolved_sentences.
Processed 83000 nonresolved_sentences.
Processed 84000 nonresolved_sentences.
Processed 85000 nonresolved_sentences.
Processed 86000 nonresolved_sentences.
Processed 87000 nonresolved_sentences.
Processed 88000 nonresolved_sentences.
Processed 89000 nonresolved_sentences.
Processed 90000 nonresolved_sentences.
Processed 91000 nonresolved_sentences.
Processed 92000 nonresolved_sentences.
Processed 93000 nonresolved_sentences.
Processed 94000 nonresolved_sentences.
Processed 95000 nonresolved_sentences.
Processed 96000 nonresolved_sentences.
Processed 97000 nonresolved_sentences.
Processed 98000 nonresolved_sentences.
Processed 99000 nonresolved_sentences.
Processed 100000 nonresolved_sentences.
Processed 101000 nonresolved_sentences.
Processed 102000 nonresolved_sentences.
Processed 103000 nonresolved_sentences.
Processed 104000 nonresolved_sentences.
Processed 105000 nonresolved_sentences.
Processed 106000 nonresolved_sentences.
Processed 107000 nonresolved_sentences.
Processed 108000 nonresolved_sentences.
Processed 109000 nonresolved_sentences.
Processed 110000 nonresolved_sentences.
Processed 111000 nonresolved_sentences.
Processed 112000 nonresolved_sentences.
Processed 113000 nonresolved_sentences.
Processed 114000 nonresolved_sentences.
Processed 115000 nonresolved_sentences.
Processed 116000 nonresolved_sentences.
Processed 117000 nonresolved_sentences.
Processed 118000 nonresolved_sentences.
Processed 119000 nonresolved_sentences.
Processed 120000 nonresolved_sentences.
Processed 121000 nonresolved_sentences.
Processed 122000 nonresolved_sentences.
Processed 123000 nonresolved_sentences.
Processed 124000 nonresolved_sentences.
Processed 125000 nonresolved_sentences.
Processed 126000 nonresolved_sentences.
Processed 127000 nonresolved_sentences.
Processed 128000 nonresolved_sentences.
Processed 129000 nonresolved_sentences.
Processed 130000 nonresolved_sentences.
Processed 131000 nonresolved_sentences.
Processed 132000 nonresolved_sentences.
Processed 133000 nonresolved_sentences.
Processed 134000 nonresolved_sentences.
Processed 135000 nonresolved_sentences.
Processed 136000 nonresolved_sentences.
Processed 137000 nonresolved_sentences.
Processed 138000 nonresolved_sentences.
Processed 139000 nonresolved_sentences.
Processed 140000 nonresolved_sentences.
Processed 141000 nonresolved_sentences.
Processed 142000 nonresolved_sentences.
Processed 143000 nonresolved_sentences.
Processed 144000 nonresolved_sentences.
Processed 145000 nonresolved_sentences.
Processed 146000 nonresolved_sentences.
Processed 147000 nonresolved_sentences.
Processed 148000 nonresolved_sentences.
Processed 149000 nonresolved_sentences.
Processed 150000 nonresolved_sentences.
Processed 151000 nonresolved_sentences.
Processed 152000 nonresolved_sentences.
Processed 153000 nonresolved_sentences.
Processed 154000 nonresolved_sentences.
Processed 155000 nonresolved_sentences.
Processed 156000 nonresolved_sentences.
Processed 157000 nonresolved_sentences.
Processed 158000 nonresolved_sentences.
Processed 159000 nonresolved_sentences.
Processed 160000 nonresolved_sentences.
Processed 161000 nonresolved_sentences.
Processed 162000 nonresolved_sentences.
Processed 163000 nonresolved_sentences.
Processed 164000 nonresolved_sentences.
Processed 165000 nonresolved_sentences.
Processed 166000 nonresolved_sentences.
Processed 167000 nonresolved_sentences.
Processed 168000 nonresolved_sentences.
Processed 169000 nonresolved_sentences.
Processed 170000 nonresolved_sentences.
Processed 171000 nonresolved_sentences.
Processed 172000 nonresolved_sentences.
Processed 173000 nonresolved_sentences.
Processed 174000 nonresolved_sentences.
Processed 175000 nonresolved_sentences.
Processed 176000 nonresolved_sentences.
Processed 177000 nonresolved_sentences.
Processed 178000 nonresolved_sentences.
Processed 179000 nonresolved_sentences.
Processed 180000 nonresolved_sentences.
Processed 181000 nonresolved_sentences.
Processed 182000 nonresolved_sentences.
Processed 183000 nonresolved_sentences.
Processed 184000 nonresolved_sentences.
Processed 185000 nonresolved_sentences.
Processed 186000 nonresolved_sentences.
Processed 187000 nonresolved_sentences.
Processed 188000 nonresolved_sentences.
Processed 189000 nonresolved_sentences.
Processed 190000 nonresolved_sentences.
Processed 191000 nonresolved_sentences.
Processed 192000 nonresolved_sentences.
Processed 193000 nonresolved_sentences.
Processed 194000 nonresolved_sentences.
Processed 195000 nonresolved_sentences.
Processed 196000 nonresolved_sentences.
Processed 197000 nonresolved_sentences.
Processed 198000 nonresolved_sentences.
Processed 199000 nonresolved_sentences.
Processed 200000 nonresolved_sentences.
Processed 201000 nonresolved_sentences.
Processed 202000 nonresolved_sentences.
Processed 203000 nonresolved_sentences.
Processed 204000 nonresolved_sentences.
Processed 205000 nonresolved_sentences.
Processed 206000 nonresolved_sentences.
Processed 207000 nonresolved_sentences.
Processed 208000 nonresolved_sentences.
Processed 209000 nonresolved_sentences.
Processed 210000 nonresolved_sentences.
Processed 211000 nonresolved_sentences.
Processed 212000 nonresolved_sentences.
Processed 213000 nonresolved_sentences.
Processed 214000 nonresolved_sentences.
Processed 215000 nonresolved_sentences.
Processed 216000 nonresolved_sentences.
Processed 217000 nonresolved_sentences.
Processed 218000 nonresolved_sentences.
Processed 219000 nonresolved_sentences.
Processed 220000 nonresolved_sentences.
Processed 221000 nonresolved_sentences.
Processed 222000 nonresolved_sentences.
Processed 223000 nonresolved_sentences.
Processed 224000 nonresolved_sentences.
Processed 225000 nonresolved_sentences.
Processed 226000 nonresolved_sentences.
Processed 227000 nonresolved_sentences.
Processed 228000 nonresolved_sentences.
Processed 229000 nonresolved_sentences.
Processed 230000 nonresolved_sentences.
Processed 231000 nonresolved_sentences.
Processed 232000 nonresolved_sentences.
Processed 233000 nonresolved_sentences.
Processed 234000 nonresolved_sentences.
Processed 235000 nonresolved_sentences.
Processed 236000 nonresolved_sentences.
Processed 237000 nonresolved_sentences.
Processed 238000 nonresolved_sentences.
Processed 239000 nonresolved_sentences.
Processed 240000 nonresolved_sentences.
Processed 241000 nonresolved_sentences.
Processed 242000 nonresolved_sentences.
Processed 243000 nonresolved_sentences.
Processed 244000 nonresolved_sentences.
Processed 245000 nonresolved_sentences.
Processed 246000 nonresolved_sentences.
Processed 247000 nonresolved_sentences.
Processed 248000 nonresolved_sentences.
Processed 249000 nonresolved_sentences.
Processed 250000 nonresolved_sentences.
Processed 251000 nonresolved_sentences.
Processed 252000 nonresolved_sentences.
Processed 253000 nonresolved_sentences.
Processed 254000 nonresolved_sentences.
Processed 255000 nonresolved_sentences.
Processed 256000 nonresolved_sentences.
Processed 257000 nonresolved_sentences.
Processed 258000 nonresolved_sentences.
Processed 259000 nonresolved_sentences.
Processed 260000 nonresolved_sentences.
Processed 261000 nonresolved_sentences.
Processed 262000 nonresolved_sentences.
Processed 263000 nonresolved_sentences.
Processed 264000 nonresolved_sentences.
Processed 265000 nonresolved_sentences.
Processed 266000 nonresolved_sentences.
Processed 267000 nonresolved_sentences.
Processed 268000 nonresolved_sentences.
Processed 269000 nonresolved_sentences.
Processed 270000 nonresolved_sentences.
Processed 271000 nonresolved_sentences.
Processed 272000 nonresolved_sentences.
Processed 273000 nonresolved_sentences.
Processed 274000 nonresolved_sentences.
Processed 275000 nonresolved_sentences.
Processed 276000 nonresolved_sentences.
Processed 277000 nonresolved_sentences.
Processed 278000 nonresolved_sentences.
Processed 279000 nonresolved_sentences.
Processed 280000 nonresolved_sentences.
Processed 281000 nonresolved_sentences.
Processed 282000 nonresolved_sentences.
Processed 283000 nonresolved_sentences.
Processed 284000 nonresolved_sentences.
Processed 285000 nonresolved_sentences.
Processed 286000 nonresolved_sentences.
Processed 287000 nonresolved_sentences.
Processed 288000 nonresolved_sentences.
Processed 289000 nonresolved_sentences.
Processed 290000 nonresolved_sentences.
Processed 291000 nonresolved_sentences.
Processed 292000 nonresolved_sentences.
Processed 293000 nonresolved_sentences.
Processed 294000 nonresolved_sentences.
Processed 295000 nonresolved_sentences.
Processed 296000 nonresolved_sentences.
Processed 297000 nonresolved_sentences.
Processed 298000 nonresolved_sentences.
Processed 299000 nonresolved_sentences.
Processed 300000 nonresolved_sentences.
Processed 301000 nonresolved_sentences.
Processed 302000 nonresolved_sentences.
Processed 303000 nonresolved_sentences.
Processed 304000 nonresolved_sentences.
Processed 305000 nonresolved_sentences.
Processed 306000 nonresolved_sentences.
Processed 307000 nonresolved_sentences.
Processed 308000 nonresolved_sentences.
Processed 309000 nonresolved_sentences.
Processed 310000 nonresolved_sentences.
Processed 311000 nonresolved_sentences.
Processed 312000 nonresolved_sentences.
Processed 313000 nonresolved_sentences.
Processed 314000 nonresolved_sentences.
Processed 315000 nonresolved_sentences.
Processed 316000 nonresolved_sentences.
Processed 317000 nonresolved_sentences.
Processed 318000 nonresolved_sentences.
Processed 319000 nonresolved_sentences.
Processed 320000 nonresolved_sentences.
Processed 321000 nonresolved_sentences.
Processed 322000 nonresolved_sentences.
Processed 323000 nonresolved_sentences.
Processed 324000 nonresolved_sentences.
Processed 325000 nonresolved_sentences.
Processed 326000 nonresolved_sentences.
Processed 327000 nonresolved_sentences.
Processed 328000 nonresolved_sentences.
Processed 329000 nonresolved_sentences.
Processed 330000 nonresolved_sentences.
Processed 331000 nonresolved_sentences.
Processed 332000 nonresolved_sentences.
Processed 333000 nonresolved_sentences.
Processed 334000 nonresolved_sentences.
Processed 335000 nonresolved_sentences.
Processed 336000 nonresolved_sentences.
Processed 337000 nonresolved_sentences.
Processed 338000 nonresolved_sentences.
Processed 339000 nonresolved_sentences.
Processed 340000 nonresolved_sentences.
Processed 341000 nonresolved_sentences.
Processed 342000 nonresolved_sentences.
Processed 343000 nonresolved_sentences.
Processed 344000 nonresolved_sentences.
Processed 345000 nonresolved_sentences.
Processed 346000 nonresolved_sentences.
Processed 347000 nonresolved_sentences.
Processed 348000 nonresolved_sentences.
Processed 349000 nonresolved_sentences.
Processed 350000 nonresolved_sentences.
Processed 351000 nonresolved_sentences.
Processed 352000 nonresolved_sentences.
Processed 353000 nonresolved_sentences.
Processed 354000 nonresolved_sentences.
Processed 355000 nonresolved_sentences.
Processed 356000 nonresolved_sentences.
Processed 357000 nonresolved_sentences.
Processed 358000 nonresolved_sentences.
Processed 359000 nonresolved_sentences.
Processed 360000 nonresolved_sentences.
Processed 361000 nonresolved_sentences.
Processed 362000 nonresolved_sentences.
Processed 363000 nonresolved_sentences.
Processed 364000 nonresolved_sentences.
Processed 365000 nonresolved_sentences.
Processed 366000 nonresolved_sentences.
Processed 367000 nonresolved_sentences.
Processed 368000 nonresolved_sentences.
Processed 369000 nonresolved_sentences.
Processed 370000 nonresolved_sentences.
Processed 371000 nonresolved_sentences.
Processed 372000 nonresolved_sentences.
Processed 373000 nonresolved_sentences.
Processed 374000 nonresolved_sentences.
Processed 375000 nonresolved_sentences.
Processed 376000 nonresolved_sentences.
Processed 377000 nonresolved_sentences.
Processed 378000 nonresolved_sentences.
Processed 379000 nonresolved_sentences.
Processed 380000 nonresolved_sentences.
Processed 381000 nonresolved_sentences.
Processed 382000 nonresolved_sentences.
Processed 383000 nonresolved_sentences.
Processed 384000 nonresolved_sentences.
Processed 385000 nonresolved_sentences.
Processed 386000 nonresolved_sentences.
Processed 387000 nonresolved_sentences.
Processed 388000 nonresolved_sentences.
Processed 389000 nonresolved_sentences.
Processed 390000 nonresolved_sentences.
Processed 391000 nonresolved_sentences.
Processed 392000 nonresolved_sentences.
Processed 393000 nonresolved_sentences.
Processed 394000 nonresolved_sentences.
Processed 395000 nonresolved_sentences.
Processed 396000 nonresolved_sentences.
Processed 397000 nonresolved_sentences.
Processed 398000 nonresolved_sentences.
Processed 399000 nonresolved_sentences.
Processed 400000 nonresolved_sentences.
Processed 401000 nonresolved_sentences.
Processed 402000 nonresolved_sentences.
Processed 403000 nonresolved_sentences.
Processed 404000 nonresolved_sentences.
Processed 405000 nonresolved_sentences.
Processed 406000 nonresolved_sentences.
Processed 407000 nonresolved_sentences.
Processed 408000 nonresolved_sentences.
Processed 409000 nonresolved_sentences.
Processed 410000 nonresolved_sentences.
Processed 411000 nonresolved_sentences.
Processed 412000 nonresolved_sentences.
Processed 413000 nonresolved_sentences.
Processed 414000 nonresolved_sentences.
Processed 415000 nonresolved_sentences.
Processed 416000 nonresolved_sentences.
Processed 417000 nonresolved_sentences.
Processed 418000 nonresolved_sentences.
Processed 419000 nonresolved_sentences.
Processed 420000 nonresolved_sentences.
Processed 421000 nonresolved_sentences.
Processed 422000 nonresolved_sentences.
Processed 423000 nonresolved_sentences.
Processed 424000 nonresolved_sentences.
Processed 425000 nonresolved_sentences.
Processed 426000 nonresolved_sentences.
Processed 427000 nonresolved_sentences.
Processed 428000 nonresolved_sentences.
Processed 429000 nonresolved_sentences.
Processed 430000 nonresolved_sentences.
Processed 431000 nonresolved_sentences.
Processed 432000 nonresolved_sentences.
Processed 433000 nonresolved_sentences.
Processed 434000 nonresolved_sentences.
Processed 435000 nonresolved_sentences.
Processed 436000 nonresolved_sentences.
Processed 437000 nonresolved_sentences.
Processed 438000 nonresolved_sentences.
Processed 439000 nonresolved_sentences.
Processed 440000 nonresolved_sentences.
Processed 441000 nonresolved_sentences.
Processed 442000 nonresolved_sentences.
Processed 443000 nonresolved_sentences.
Processed 444000 nonresolved_sentences.
Processed 445000 nonresolved_sentences.
Processed 446000 nonresolved_sentences.
Processed 447000 nonresolved_sentences.
Processed 448000 nonresolved_sentences.
Processed 449000 nonresolved_sentences.
Processed 450000 nonresolved_sentences.
Processed 451000 nonresolved_sentences.
Processed 452000 nonresolved_sentences.
Processed 453000 nonresolved_sentences.
Processed 454000 nonresolved_sentences.
Processed 455000 nonresolved_sentences.
Processed 456000 nonresolved_sentences.
Processed 457000 nonresolved_sentences.
Processed 458000 nonresolved_sentences.
Processed 459000 nonresolved_sentences.
Processed 460000 nonresolved_sentences.
Processed 461000 nonresolved_sentences.
Processed 462000 nonresolved_sentences.
Processed 463000 nonresolved_sentences.
Processed 464000 nonresolved_sentences.
Processed 465000 nonresolved_sentences.
Processed 466000 nonresolved_sentences.
Processed 467000 nonresolved_sentences.
Processed 468000 nonresolved_sentences.
Processed 469000 nonresolved_sentences.
Processed 470000 nonresolved_sentences.
Processed 471000 nonresolved_sentences.
Processed 472000 nonresolved_sentences.
Processed 473000 nonresolved_sentences.
Processed 474000 nonresolved_sentences.
Processed 475000 nonresolved_sentences.
Processed 476000 nonresolved_sentences.
Processed 477000 nonresolved_sentences.
Processed 478000 nonresolved_sentences.
Processed 479000 nonresolved_sentences.
Processed 480000 nonresolved_sentences.
Processed 481000 nonresolved_sentences.
Processed 482000 nonresolved_sentences.
Processed 483000 nonresolved_sentences.
Processed 484000 nonresolved_sentences.
Processed 485000 nonresolved_sentences.
Processed 486000 nonresolved_sentences.
Processed 487000 nonresolved_sentences.
Processed 488000 nonresolved_sentences.
Processed 489000 nonresolved_sentences.
Processed 490000 nonresolved_sentences.
Processed 491000 nonresolved_sentences.
Processed 492000 nonresolved_sentences.
Processed 493000 nonresolved_sentences.
Processed 494000 nonresolved_sentences.
Processed 495000 nonresolved_sentences.
Processed 496000 nonresolved_sentences.
Processed 497000 nonresolved_sentences.
Processed 498000 nonresolved_sentences.
Processed 499000 nonresolved_sentences.
Processed 500000 nonresolved_sentences.
Processed 501000 nonresolved_sentences.
Processed 502000 nonresolved_sentences.
Processed 503000 nonresolved_sentences.
Processed 504000 nonresolved_sentences.
Processed 505000 nonresolved_sentences.
Processed 506000 nonresolved_sentences.
Processed 507000 nonresolved_sentences.
Processed 508000 nonresolved_sentences.
Processed 509000 nonresolved_sentences.
Processed 510000 nonresolved_sentences.
Processed 511000 nonresolved_sentences.
Processed 512000 nonresolved_sentences.
Processed 513000 nonresolved_sentences.
Processed 514000 nonresolved_sentences.
Processed 515000 nonresolved_sentences.
Processed 516000 nonresolved_sentences.
Processed 517000 nonresolved_sentences.
Processed 518000 nonresolved_sentences.
Processed 519000 nonresolved_sentences.
Processed 520000 nonresolved_sentences.
Processed 521000 nonresolved_sentences.
Processed 522000 nonresolved_sentences.
Processed 523000 nonresolved_sentences.
Processed 524000 nonresolved_sentences.
Processed 525000 nonresolved_sentences.
Processed 526000 nonresolved_sentences.
Processed 527000 nonresolved_sentences.
Processed 528000 nonresolved_sentences.
Processed 529000 nonresolved_sentences.
Processed 530000 nonresolved_sentences.
Processed 531000 nonresolved_sentences.
Processed 532000 nonresolved_sentences.
Processed 533000 nonresolved_sentences.
Processed 534000 nonresolved_sentences.
Processed 535000 nonresolved_sentences.
Processed 536000 nonresolved_sentences.
Processed 537000 nonresolved_sentences.
Processed 538000 nonresolved_sentences.
Processed 539000 nonresolved_sentences.
Processed 540000 nonresolved_sentences.
Processed 541000 nonresolved_sentences.
Processed 542000 nonresolved_sentences.
Processed 543000 nonresolved_sentences.
Processed 544000 nonresolved_sentences.
Processed 545000 nonresolved_sentences.
Processed 546000 nonresolved_sentences.
Processed 547000 nonresolved_sentences.
Processed 548000 nonresolved_sentences.
Processed 549000 nonresolved_sentences.
Processed 550000 nonresolved_sentences.
Processed 551000 nonresolved_sentences.
Processed 552000 nonresolved_sentences.
Processed 553000 nonresolved_sentences.
Processed 554000 nonresolved_sentences.
Processed 555000 nonresolved_sentences.
Processed 556000 nonresolved_sentences.
Processed 557000 nonresolved_sentences.
Processed 558000 nonresolved_sentences.
Processed 559000 nonresolved_sentences.
Processed 560000 nonresolved_sentences.
Processed 561000 nonresolved_sentences.
Processed 562000 nonresolved_sentences.
Processed 563000 nonresolved_sentences.
Processed 564000 nonresolved_sentences.
Processed 565000 nonresolved_sentences.
Processed 566000 nonresolved_sentences.
Processed 567000 nonresolved_sentences.
Processed 568000 nonresolved_sentences.
Processed 569000 nonresolved_sentences.
Processed 570000 nonresolved_sentences.
Processed 571000 nonresolved_sentences.
Processed 572000 nonresolved_sentences.
Processed 573000 nonresolved_sentences.
Processed 574000 nonresolved_sentences.
Processed 575000 nonresolved_sentences.
Processed 576000 nonresolved_sentences.
Processed 577000 nonresolved_sentences.
Processed 578000 nonresolved_sentences.
Processed 579000 nonresolved_sentences.
Processed 580000 nonresolved_sentences.
Processed 581000 nonresolved_sentences.
Processed 582000 nonresolved_sentences.
Processed 583000 nonresolved_sentences.
Processed 584000 nonresolved_sentences.
Processed 585000 nonresolved_sentences.
Processed 586000 nonresolved_sentences.
Processed 587000 nonresolved_sentences.
Processed 588000 nonresolved_sentences.
Processed 589000 nonresolved_sentences.
Processed 590000 nonresolved_sentences.
Processed 591000 nonresolved_sentences.
Processed 592000 nonresolved_sentences.
Processed 593000 nonresolved_sentences.
Processed 594000 nonresolved_sentences.
Processed 595000 nonresolved_sentences.
Processed 596000 nonresolved_sentences.
Processed 597000 nonresolved_sentences.
Processed 598000 nonresolved_sentences.
Processed 599000 nonresolved_sentences.
Processed 600000 nonresolved_sentences.
Processed 601000 nonresolved_sentences.
Processed 602000 nonresolved_sentences.
Processed 603000 nonresolved_sentences.
Processed 604000 nonresolved_sentences.
Processed 605000 nonresolved_sentences.
Processed 606000 nonresolved_sentences.
Processed 607000 nonresolved_sentences.
Processed 608000 nonresolved_sentences.
Processed 609000 nonresolved_sentences.
Processed 610000 nonresolved_sentences.
Processed 611000 nonresolved_sentences.
Processed 612000 nonresolved_sentences.
Processed 613000 nonresolved_sentences.
Processed 614000 nonresolved_sentences.
Processed 615000 nonresolved_sentences.
Processed 616000 nonresolved_sentences.
Processed 617000 nonresolved_sentences.
Processed 618000 nonresolved_sentences.
Processed 619000 nonresolved_sentences.
Processed 620000 nonresolved_sentences.
Processed 621000 nonresolved_sentences.
Processed 622000 nonresolved_sentences.
Processed 623000 nonresolved_sentences.
Processed 624000 nonresolved_sentences.
Processed 625000 nonresolved_sentences.
Processed 626000 nonresolved_sentences.
Processed 627000 nonresolved_sentences.
Processed 628000 nonresolved_sentences.
Processed 629000 nonresolved_sentences.
Processed 630000 nonresolved_sentences.
Processed 631000 nonresolved_sentences.
Processed 632000 nonresolved_sentences.
Processed 633000 nonresolved_sentences.
Processed 634000 nonresolved_sentences.
Processed 635000 nonresolved_sentences.
Processed 636000 nonresolved_sentences.
Processed 637000 nonresolved_sentences.
Processed 638000 nonresolved_sentences.
Processed 639000 nonresolved_sentences.
Processed 640000 nonresolved_sentences.
Processed 641000 nonresolved_sentences.
Processed 642000 nonresolved_sentences.
Processed 643000 nonresolved_sentences.
Processed 644000 nonresolved_sentences.
Processed 645000 nonresolved_sentences.
Processed 646000 nonresolved_sentences.
Processed 647000 nonresolved_sentences.
Processed 648000 nonresolved_sentences.
Processed 649000 nonresolved_sentences.
Processed 650000 nonresolved_sentences.
Processed 651000 nonresolved_sentences.
Processed 652000 nonresolved_sentences.
Processed 653000 nonresolved_sentences.
Processed 654000 nonresolved_sentences.
Processed 655000 nonresolved_sentences.
Processed 656000 nonresolved_sentences.
Processed 657000 nonresolved_sentences.
Processed 658000 nonresolved_sentences.
Processed 659000 nonresolved_sentences.
Processed 660000 nonresolved_sentences.
Processed 661000 nonresolved_sentences.
Processed 662000 nonresolved_sentences.
Processed 663000 nonresolved_sentences.
Processed 664000 nonresolved_sentences.
Processed 665000 nonresolved_sentences.
Processed 666000 nonresolved_sentences.
Processed 667000 nonresolved_sentences.
Processed 668000 nonresolved_sentences.
Processed 669000 nonresolved_sentences.
Processed 670000 nonresolved_sentences.
Processed 671000 nonresolved_sentences.
Processed 672000 nonresolved_sentences.
Processed 673000 nonresolved_sentences.
Processed 674000 nonresolved_sentences.
Processed 675000 nonresolved_sentences.
Processed 676000 nonresolved_sentences.
Processed 677000 nonresolved_sentences.
Processed 678000 nonresolved_sentences.
Processed 679000 nonresolved_sentences.
Processed 680000 nonresolved_sentences.
Processed 681000 nonresolved_sentences.
Processed 682000 nonresolved_sentences.
Processed 683000 nonresolved_sentences.
Processed 684000 nonresolved_sentences.
Processed 685000 nonresolved_sentences.
Processed 686000 nonresolved_sentences.
Processed 687000 nonresolved_sentences.
Processed 688000 nonresolved_sentences.
Processed 689000 nonresolved_sentences.
Processed 690000 nonresolved_sentences.
Processed 691000 nonresolved_sentences.
Processed 692000 nonresolved_sentences.
Processed 693000 nonresolved_sentences.
Processed 694000 nonresolved_sentences.
Processed 695000 nonresolved_sentences.
Processed 696000 nonresolved_sentences.
Processed 697000 nonresolved_sentences.
Processed 698000 nonresolved_sentences.
Processed 699000 nonresolved_sentences.
Processed 700000 nonresolved_sentences.
Processed 701000 nonresolved_sentences.
Processed 702000 nonresolved_sentences.
Processed 703000 nonresolved_sentences.
Processed 704000 nonresolved_sentences.
Processed 705000 nonresolved_sentences.
Processed 706000 nonresolved_sentences.
Processed 707000 nonresolved_sentences.
Processed 50000 resolved_sentences.
Processed 100000 resolved_sentences.
Processed 150000 resolved_sentences.
Processed 200000 resolved_sentences.
Processed 250000 resolved_sentences.
Processed 300000 resolved_sentences.
Processed 350000 resolved_sentences.
Processed 400000 resolved_sentences.
Processed 450000 resolved_sentences.
Processed 500000 resolved_sentences.
Processed 550000 resolved_sentences.
Processed 600000 resolved_sentences.
Processed 650000 resolved_sentences.
Processed 700000 resolved_sentences.
