[nltk_data] Downloading package stopwords to /root/nltk_data...
[nltk_data]   Package stopwords is already up-to-date!
2023-05-27 11:25:48.467990: I tensorflow/core/platform/cpu_feature_guard.cc:193] This TensorFlow binary is optimized with oneAPI Deep Neural Network Library (oneDNN) to use the following CPU instructions in performance-critical operations:  SSE4.1 SSE4.2 AVX AVX2 FMA
To enable them in other operations, rebuild TensorFlow with the appropriate compiler flags.
starting to process: ../../../data_files/pipeline_steps_reresolve/excellent_articles/
50
100
150
200
250
300
350
400
450
500
550
600
650
700
750
800
850
900
950
1000
1050
1100
1150
1200
1250
1300
index: 1330 resolved_length: 29
striped (original) length: 30
Motiv (Musik)
['Daher verhalten sich Motiv , Phrase , Periode und Thema ungefähr so zueinander wie „ Wort “ , „ Teilsatz “ , „ Satz “ und „ Strophe “ in der gebundenen Sprache eines Gedichts ', 'Das Thema ist also der umfassendere Begriff , der aber Begriff Gehalt von den Motiven und Perioden bezieht ']
['Das Thema ist also der umfassendere Begriff, der aber seinen Gehalt von den Motiven und Perioden bezieht', ' ']
1350
1400
1450
index: 1496 resolved_length: 167
striped (original) length: 168
Winchester ’73
['Winchester ’ 73 verlor jedoch gegen Der gebrochene Pfeil Delmer Daves , 1950 nach einem Drehbuch von Albert Maltz , der ebenfalls James Stewart in der Hauptrolle hatte ', 'Das American Film Institute hat in Film Liste zur Nominierung der „ besten amerikanischen Filme aller Zeiten “ Winchester ’ 73 auf Rang 578 platziert ']
['Das American Film Institute hat in seiner Liste zur Nominierung der „besten amerikanischen Filme aller Zeiten“ Winchester ’73 auf Rang 578 platziert', '                       ']
1500
1550
1600
1650
1700
1750
1800
1850
1900
1950
2000
2050
2100
2150
2200
2250
2300
2350
2400
2450
2500
2550
2600
2650
2700
dropping no. indices:2
1330
1496
In total 667153 tokens were replaced
 took 10143.724116802216 time
Pipeline Step 3 finished!! 
100
200
300
400
500
600
700
800
900
1000
1100
1200
1300
1400
1500
1600
1700
1800
1900
2000
2100
2200
2300
2400
2500
2600
!!!!non-resolved-done!!!!!!
!!!!non-resolved-done!!!!!!
!!!!non-resolved-done!!!!!!
100
200
300
400
500
600
700
800
900
1000
1100
1200
1300
1400
1500
1600
1700
1800
1900
2000
2100
2200
2300
2400
2500
2600
Pipeline Step 4 finished!! 
Before article drop: 2698 articles
Before article drop: 675640 sentences
Dropping 3 articles:
[413, 668, 1829]
After article drop: 2695 articles
After article drop: 675633 sentences
Dropping 84877 sentences:
675633
590756
Index(['article_index', 'nopos_resolved_text', 'nopos_nonresolved_text',
       'pos_nonresolved_text', 'pos_resolved_text', 'quot_label', 'link_label',
       'namelink_label'],
      dtype='object')
Pipeline Step 5 finished!! 
Pipeline Step 6 finished!! 
590756 long...___
Processed 50000 nonresolved_sentences.
Processed 100000 nonresolved_sentences.
Processed 150000 nonresolved_sentences.
Processed 200000 nonresolved_sentences.
Processed 250000 nonresolved_sentences.
Processed 300000 nonresolved_sentences.
Processed 350000 nonresolved_sentences.
Processed 400000 nonresolved_sentences.
Processed 450000 nonresolved_sentences.
Processed 500000 nonresolved_sentences.
Processed 550000 nonresolved_sentences.
Processed 50000 resolved_sentences.
Processed 100000 resolved_sentences.
Processed 150000 resolved_sentences.
Processed 200000 resolved_sentences.
Processed 250000 resolved_sentences.
Processed 300000 resolved_sentences.
Processed 350000 resolved_sentences.
Processed 400000 resolved_sentences.
Processed 450000 resolved_sentences.
Processed 500000 resolved_sentences.
Processed 550000 resolved_sentences.
Pipeline Step 7 finished!! 
