[nltk_data] Downloading package stopwords to /root/nltk_data...
[nltk_data]   Package stopwords is already up-to-date!
2023-05-26 17:08:25.786919: I tensorflow/core/platform/cpu_feature_guard.cc:193] This TensorFlow binary is optimized with oneAPI Deep Neural Network Library (oneDNN) to use the following CPU instructions in performance-critical operations:  SSE4.1 SSE4.2 AVX AVX2 FMA
To enable them in other operations, rebuild TensorFlow with the appropriate compiler flags.
starting to process: ../../../data_files/pipeline_steps_reresolve/protecte_articles/
Traceback (most recent call last):
  File "/root/projects/jpthesis/keygens/masterthesis/codebase/data/dataset_creation/pipeline/components/main_pipeline.py", line 19, in <module>
    pipe_3_resolve.main(folder, suffix)
  File "/root/projects/jpthesis/keygens/masterthesis/codebase/data/dataset_creation/pipeline/components/pipe_3_resolve.py", line 43, in main
    df = pd.read_csv(input_path)
  File "/root/miniconda3/envs/jannis-env9/lib/python3.9/site-packages/pandas/io/parsers/readers.py", line 912, in read_csv
    return _read(filepath_or_buffer, kwds)
  File "/root/miniconda3/envs/jannis-env9/lib/python3.9/site-packages/pandas/io/parsers/readers.py", line 577, in _read
    parser = TextFileReader(filepath_or_buffer, **kwds)
  File "/root/miniconda3/envs/jannis-env9/lib/python3.9/site-packages/pandas/io/parsers/readers.py", line 1407, in __init__
    self._engine = self._make_engine(f, self.engine)
  File "/root/miniconda3/envs/jannis-env9/lib/python3.9/site-packages/pandas/io/parsers/readers.py", line 1661, in _make_engine
    self.handles = get_handle(
  File "/root/miniconda3/envs/jannis-env9/lib/python3.9/site-packages/pandas/io/common.py", line 859, in get_handle
    handle = open(
FileNotFoundError: [Errno 2] No such file or directory: '../../../data_files/pipeline_steps_reresolve/protecte_articles/2_articles_labeled_cleaned.csv'
[nltk_data] Downloading package stopwords to /root/nltk_data...
[nltk_data]   Package stopwords is already up-to-date!
2023-05-26 17:08:44.674462: I tensorflow/core/platform/cpu_feature_guard.cc:193] This TensorFlow binary is optimized with oneAPI Deep Neural Network Library (oneDNN) to use the following CPU instructions in performance-critical operations:  SSE4.1 SSE4.2 AVX AVX2 FMA
To enable them in other operations, rebuild TensorFlow with the appropriate compiler flags.
  File "/root/miniconda3/envs/jannis-env9/lib/python3.9/site-packages/coreferee/manager.py", line 144, in __call__
    self.annotator.annotate(doc)
  File "/root/miniconda3/envs/jannis-env9/lib/python3.9/site-packages/coreferee/annotation.py", line 378, in annotate
    self.tendencies_analyzer.score(doc, self.thinc_ensemble)
  File "/root/miniconda3/envs/jannis-env9/lib/python3.9/site-packages/coreferee/tendencies.py", line 350, in score
    scores = thinc_ensemble.predict([document_pair_info])
  File "/root/miniconda3/envs/jannis-env9/lib/python3.9/site-packages/thinc/model.py", line 315, in predict
    return self._func(self, X, is_train=False)[0]
  File "/root/miniconda3/envs/jannis-env9/lib/python3.9/site-packages/thinc/layers/chain.py", line 55, in forward
    Y, inc_layer_grad = layer(X, is_train=is_train)
  File "/root/miniconda3/envs/jannis-env9/lib/python3.9/site-packages/thinc/model.py", line 291, in __call__
    return self._func(self, X, is_train=is_train)
  File "/root/miniconda3/envs/jannis-env9/lib/python3.9/site-packages/thinc/layers/tuplify.py", line 36, in tuplify_forward
    Y, backprop = layer(X, is_train)
  File "/root/miniconda3/envs/jannis-env9/lib/python3.9/site-packages/thinc/model.py", line 291, in __call__
    return self._func(self, X, is_train=is_train)
  File "/root/miniconda3/envs/jannis-env9/lib/python3.9/site-packages/thinc/layers/concatenate.py", line 44, in forward
    Ys, callbacks = zip(*[layer(X, is_train=is_train) for layer in model.layers])
  File "/root/miniconda3/envs/jannis-env9/lib/python3.9/site-packages/thinc/layers/concatenate.py", line 44, in <listcomp>
    Ys, callbacks = zip(*[layer(X, is_train=is_train) for layer in model.layers])
  File "/root/miniconda3/envs/jannis-env9/lib/python3.9/site-packages/thinc/model.py", line 291, in __call__
    return self._func(self, X, is_train=is_train)
  File "/root/miniconda3/envs/jannis-env9/lib/python3.9/site-packages/thinc/layers/chain.py", line 55, in forward
    Y, inc_layer_grad = layer(X, is_train=is_train)
  File "/root/miniconda3/envs/jannis-env9/lib/python3.9/site-packages/thinc/model.py", line 291, in __call__
    return self._func(self, X, is_train=is_train)
  File "/root/miniconda3/envs/jannis-env9/lib/python3.9/site-packages/thinc/layers/relu.py", line 48, in forward
    Y = model.ops.affine(X, W, b)
  File "/root/miniconda3/envs/jannis-env9/lib/python3.9/site-packages/thinc/backends/ops.py", line 228, in affine
    Y = self.gemm(X, W, trans2=True)
  File "/root/miniconda3/envs/jannis-env9/lib/python3.9/site-packages/coreferee/manager.py", line 144, in __call__
    self.annotator.annotate(doc)
  File "/root/miniconda3/envs/jannis-env9/lib/python3.9/site-packages/coreferee/annotation.py", line 377, in annotate
    self.rules_analyzer.initialize(doc)
  File "/root/miniconda3/envs/jannis-env9/lib/python3.9/site-packages/coreferee/rules.py", line 247, in initialize
    for index, quote_tuple in enumerate(self.quote_tuples):
starting to process: ../../../data_files/pipeline_steps_reresolve/protected_articles/
[38;5;3m⚠ Unexpected error in Coreferee annotating document, skipping ....[0m
[38;5;3m⚠ <class 'KeyboardInterrupt'>[0m
[38;5;3m⚠[0m
[38;5;3m⚠ Unexpected error in Coreferee annotating document, skipping ....[0m
[38;5;3m⚠ <class 'KeyboardInterrupt'>[0m
[38;5;3m⚠[0m
50
100
150
200
250
300
350
400
450
500
550
600
650
700
750
800
850
900
950
1000
1050
1100
1150
1200
1250
1300
1350
1400
1450
1500
1550
1600
1650
1700
1750
1800
1850
1900
1950
2000
2050
2100
2150
2200
2250
2300
2350
2400
2450
2500
dropping no. indices:0
In total 329918 tokens were replaced
 took 6456.66823887825 time
Pipeline Step 3 finished!! 
100
200
300
400
500
600
700
800
900
1000
1100
1200
1300
1400
1500
1600
1700
1800
1900
2000
2100
2200
2300
2400
2500
!!!!non-resolved-done!!!!!!
!!!!non-resolved-done!!!!!!
!!!!non-resolved-done!!!!!!
100
200
300
400
500
600
700
800
900
1000
1100
1200
1300
1400
1500
1600
1700
1800
1900
2000
2100
2200
2300
2400
2500
Pipeline Step 4 finished!! 
Before article drop: 2535 articles
Before article drop: 335584 sentences
Dropping 4 articles:
[1075, 1126, 1781, 2474]
After article drop: 2531 articles
After article drop: 335569 sentences
Dropping 45726 sentences:
335569
289843
Index(['article_index', 'nopos_resolved_text', 'nopos_nonresolved_text',
       'pos_nonresolved_text', 'pos_resolved_text', 'quot_label', 'link_label',
       'namelink_label'],
      dtype='object')
Pipeline Step 5 finished!! 
Pipeline Step 6 finished!! 
289843 long...___
Processed 50000 nonresolved_sentences.
Processed 100000 nonresolved_sentences.
Processed 150000 nonresolved_sentences.
Processed 200000 nonresolved_sentences.
Processed 250000 nonresolved_sentences.
Processed 50000 resolved_sentences.
Processed 100000 resolved_sentences.
Processed 150000 resolved_sentences.
Processed 200000 resolved_sentences.
Processed 250000 resolved_sentences.
Pipeline Step 7 finished!! 
