[nltk_data] Downloading package stopwords to /root/nltk_data...
[nltk_data]   Package stopwords is already up-to-date!
2023-05-28 11:16:44.419227: I tensorflow/core/platform/cpu_feature_guard.cc:193] This TensorFlow binary is optimized with oneAPI Deep Neural Network Library (oneDNN) to use the following CPU instructions in performance-critical operations:  SSE4.1 SSE4.2 AVX AVX2 FMA
To enable them in other operations, rebuild TensorFlow with the appropriate compiler flags.
starting to process: ../../../data_files/pipeline_steps_reresolve/random_articles/
50
100
150
200
250
300
350
400
450
500
550
600
650
700
750
800
850
900
950
1000
1050
1100
1150
1200
1250
1300
1350
1400
1450
1500
1550
1600
1650
1700
1750
1800
1850
1900
1950
2000
2050
2100
2150
2200
2250
2300
2350
2400
2450
index: 2485 resolved_length: 4
striped (original) length: 5
Kabinett Nyusi I
['Constitucional nominierte Constitucional Kabinett am 1 Januar 2015', 'Am 1 Januar 2020 endete die Amtszeit des Kabinetts , Kabinetts folgt das Kabinett Nyusi II']
['Am 1 Januar 2020 endete die Amtszeit des Kabinetts, es folgt das Kabinett Nyusi II', '          ']
2500
2550
2600
2650
2700
2750
2800
2850
2900
2950
3000
3050
3100
3150
3200
3250
3300
3350
3400
3450
3500
3550
3600
3650
3700
3750
3800
3850
3900
3950
4000
4050
4100
4150
4200
4250
4300
4350
4400
4450
4500
4550
4600
4650
4700
4750
4800
4850
4900
4950
5000
5050
5100
5150
5200
5250
5300
5350
5400
5450
5500
5550
5600
5650
5700
index: 5727 resolved_length: 16
striped (original) length: 17
İlyas Salman
['İlyas lebt im Dorf Asar im Landkreis Arguvan ', 'Eine İlyas vielfach nachgesagte kurdische Abstammung hat İlyas mehrfach öffentlich verneint und stattdessen İlyas als alevitischer Turkmene bezeichnet ']
['Eine ihm vielfach nachgesagte kurdische Abstammung hat er mehrfach öffentlich verneint und stattdessen sich als alevitischer Turkmene bezeichnet', ' ']
5750
5800
5850
5900
5950
6000
6050
6100
6150
6200
6250
6300
6350
6400
6450
6500
6550
6600
6650
6700
6750
6800
6850
6900
6950
7000
7050
7100
7150
7200
7250
7300
7350
7400
7450
7500
7550
7600
7650
7700
7750
7800
7850
7900
7950
8000
8050
8100
8150
8200
8250
8300
8350
8400
8450
8500
8550
8600
8650
8700
8750
8800
8850
8900
8950
9000
9050
9100
9150
9200
9250
9300
9350
9400
9450
9500
9550
9600
9650
9700
9750
9800
9850
9900
9950
10000
10050
10100
10150
10200
10250
10300
10350
10400
10450
10500
10550
10600
10650
10700
10750
10800
10850
10900
10950
11000
11050
11100
11150
11200
11250
11300
11350
11400
11450
11500
11550
11600
11650
11700
11750
index: 11772 resolved_length: 7
striped (original) length: 8
Coupe d’Europe 1987/88
['Borgen Helsingborg und dem Ausrichter Sport Lisboa e Benfica ', 'Ergebnisse der Qualifikation sind nicht alle vorhanden ']
['Ergebnisse der Qualifikation sind nicht alle vorhanden', '  ']
11800
11850
11900
11950
12000
12050
12100
12150
12200
12250
12300
12350
12400
12450
12500
12550
12600
12650
12700
12750
12800
12850
12900
12950
13000
13050
13100
13150
13200
13250
13300
13350
13400
13450
13500
13550
13600
13650
13700
13750
13800
13850
13900
13950
14000
14050
14100
14150
14200
14250
14300
14350
14400
14450
14500
14550
14600
14650
14700
14750
14800
14850
14900
14950
15000
15050
15100
15150
15200
15250
15300
15350
15400
15450
15500
15550
15600
15650
15700
15750
15800
15850
15900
15950
16000
16050
16100
16150
16200
16250
16300
16350
16400
16450
16500
16550
16600
16650
16700
16750
16800
16850
16900
16950
17000
17050
17100
17150
17200
17250
17300
17350
17400
17450
17500
17550
17600
17650
17700
17750
17800
17850
17900
17950
18000
18050
18100
18150
18200
18250
18300
18350
18400
18450
18500
18550
18600
18650
18700
18750
18800
18850
18900
18950
19000
19050
19100
19150
19200
19250
19300
19350
19400
19450
19500
19550
19600
19650
19700
19750
19800
19850
19900
19950
20000
20050
20100
20150
20200
20250
20300
20350
20400
20450
20500
20550
20600
20650
20700
20750
20800
20850
20900
20950
21000
21050
21100
21150
21200
21250
21300
21350
21400
21450
21500
21550
21600
21650
21700
21750
21800
21850
21900
21950
22000
22050
22100
22150
22200
22250
22300
22350
22400
22450
22500
22550
22600
22650
22700
22750
22800
22850
22900
22950
23000
23050
23100
23150
23200
23250
23300
23350
23400
23450
23500
23550
23600
23650
23700
23750
23800
23850
23900
23950
24000
index: 24037 resolved_length: 10
striped (original) length: 11
Einband-Europameisterschaft 2011
['Die Qualifikationsgruppen wurden nach Rangliste gesetzt ', 'Es gab außer dem Titelverteidiger keine gesetzten Spieler mehr für das Hauptturnier ']
['Es gab außer dem Titelverteidiger keine gesetzten Spieler mehr für das Hauptturnier', ' ']
24050
24100
24150
24200
24250
24300
24350
24400
24450
24500
24550
24600
24650
24700
24750
24800
24850
24900
24950
25000
25050
25100
25150
25200
25250
25300
25350
25400
25450
25500
25550
25600
25650
25700
25750
25800
25850
25900
25950
26000
26050
26100
26150
26200
26250
26300
26350
26400
26450
26500
26550
26600
26650
26700
26750
26800
26850
26900
26950
27000
27050
27100
27150
27200
27250
27300
27350
27400
27450
27500
27550
27600
27650
27700
27750
27800
27850
27900
27950
28000
28050
28100
28150
28200
28250
28300
28350
28400
28450
28500
28550
28600
28650
28700
28750
28800
28850
28900
28950
29000
29050
29100
29150
29200
29250
29300
29350
29400
29450
29500
29550
29600
29650
29700
29750
29800
29850
29900
29950
30000
30050
30100
30150
30200
30250
30300
30350
30400
30450
30500
30550
30600
30650
30700
30750
30800
30850
30900
30950
index: 30964 resolved_length: 20
striped (original) length: 21
Mittelpunkt der Schweiz
['Bei einer anderen Methode geht man von der Landesgrenze aus und zeichnet Polygone mit immer grösser werdendem Abstand zu Polygone ', 'Dies wird so oft wiederholt , bis im letzten übriggebliebenen Gebiet der grenzfernste Punkt gefunden wird ']
['Dies wird so oft wiederholt, bis im letzten übriggebliebenen Gebiet der grenzfernste Punkt gefunden wird', ' ']
31000
31050
31100
31150
31200
31250
31300
31350
31400
index: 31444 resolved_length: 14
striped (original) length: 15
Khanjarli
['Die meisten Klingen sind aus gehärtetem Schmiedestahl hergestellt , alternativ werden Klingen auch aus indischem Wootz-Stahl hergestellt Gussstahldamaszener ', 'Khanjarli werden öfter als andere indische Dolchvarianten in Museen und im Handel angetroffen ']
['Khanjarli werden öfter als andere indische Dolchvarianten in Museen und im Handel angetroffen', '      ']
31450
31500
31550
31600
31650
31700
31750
31800
31850
31900
31950
32000
32050
32100
32150
32200
32250
32300
32350
32400
32450
32500
32550
32600
32650
32700
32750
32800
32850
32900
32950
33000
33050
33100
33150
33200
33250
33300
33350
33400
33450
33500
33550
33600
33650
33700
33750
33800
33850
33900
33950
34000
34050
34100
34150
34200
34250
34300
34350
34400
34450
34500
34550
34600
34650
34700
34750
34800
34850
34900
34950
35000
35050
35100
35150
35200
35250
35300
35350
35400
35450
35500
35550
35600
35650
35700
35750
35800
35850
35900
35950
36000
36050
36100
36150
36200
36250
36300
36350
36400
36450
36500
36550
36600
36650
36700
36750
36800
36850
36900
36950
37000
37050
37100
37150
37200
37250
37300
37350
37400
37450
37500
37550
37600
37650
37700
37750
37800
37850
37900
37950
38000
38050
38100
38150
38200
38250
38300
38350
38400
38450
38500
38550
38600
38650
38700
38750
38800
38850
38900
38950
39000
39050
39100
39150
39200
39250
39300
39350
39400
39450
39500
39550
39600
39650
39700
39750
39800
39850
39900
39950
40000
dropping no. indices:6
2485
5727
11772
24037
30964
31444
In total 851957 tokens were replaced
 took 12483.93158197403 time
Pipeline Step 3 finished!! 
100
200
300
400
500
600
700
800
900
1000
1100
1200
1300
1400
1500
1600
1700
1800
1900
2000
2100
2200
2300
2400
2500
2600
2700
2800
2900
3000
3100
3200
3300
3400
3500
3600
3700
3800
3900
4000
4100
4200
4300
4400
4500
4600
4700
4800
4900
5000
5100
5200
5300
5400
5500
5600
5700
5800
5900
6000
6100
6200
6300
6400
6500
6600
6700
6800
6900
7000
7100
7200
7300
7400
7500
7600
7700
7800
7900
8000
8100
8200
8300
8400
8500
8600
8700
8800
8900
9000
9100
9200
9300
9400
9500
9600
9700
9800
9900
10000
10100
10200
10300
10400
10500
10600
10700
10800
10900
11000
11100
11200
11300
11400
11500
11600
11700
11800
11900
12000
12100
12200
12300
12400
12500
12600
12700
12800
12900
13000
13100
13200
13300
13400
13500
13600
13700
13800
13900
14000
14100
14200
14300
14400
14500
14600
14700
14800
14900
15000
15100
15200
15300
15400
15500
15600
15700
15800
15900
16000
16100
16200
16300
16400
16500
16600
16700
16800
16900
17000
17100
17200
17300
17400
17500
17600
17700
17800
17900
18000
18100
18200
18300
18400
18500
18600
18700
18800
18900
19000
19100
19200
19300
19400
19500
19600
19700
19800
19900
20000
20100
20200
20300
20400
20500
20600
20700
20800
20900
21000
21100
21200
21300
21400
21500
21600
21700
21800
21900
22000
22100
22200
22300
22400
22500
22600
22700
22800
22900
23000
23100
23200
23300
23400
23500
23600
23700
23800
23900
24000
24100
24200
24300
24400
24500
24600
24700
24800
24900
25000
25100
25200
25300
25400
25500
25600
25700
25800
25900
26000
26100
26200
26300
26400
26500
26600
26700
26800
26900
27000
27100
27200
27300
27400
27500
27600
27700
27800
27900
28000
28100
28200
28300
28400
28500
28600
28700
28800
28900
29000
29100
29200
29300
29400
29500
29600
29700
29800
29900
30000
30100
30200
30300
30400
30500
30600
30700
30800
30900
31000
31100
31200
31300
31400
31500
31600
31700
31800
31900
32000
32100
32200
32300
32400
32500
32600
32700
32800
32900
33000
33100
33200
33300
33400
33500
33600
33700
33800
33900
34000
34100
34200
34300
34400
34500
34600
34700
34800
34900
35000
35100
35200
35300
35400
35500
35600
35700
35800
35900
36000
36100
36200
36300
36400
36500
36600
36700
36800
36900
37000
37100
37200
37300
37400
37500
37600
37700
37800
37900
38000
38100
38200
38300
38400
38500
38600
38700
38800
38900
39000
39100
39200
39300
39400
39500
39600
39700
39800
39900
40000
!!!!non-resolved-done!!!!!!
!!!!non-resolved-done!!!!!!
!!!!non-resolved-done!!!!!!
100
200
300
400
500
600
700
800
900
1000
1100
1200
1300
1400
1500
1600
1700
1800
1900
2000
2100
2200
2300
2400
2500
2600
2700
2800
2900
3000
3100
3200
3300
3400
3500
3600
3700
3800
3900
4000
4100
4200
4300
4400
4500
4600
4700
4800
4900
5000
5100
5200
5300
5400
5500
5600
5700
5800
5900
6000
6100
6200
6300
6400
6500
6600
6700
6800
6900
7000
7100
7200
7300
7400
7500
7600
7700
7800
7900
8000
8100
8200
8300
8400
8500
8600
8700
8800
8900
9000
9100
9200
9300
9400
9500
9600
9700
9800
9900
10000
10100
10200
10300
10400
10500
10600
10700
10800
10900
11000
11100
11200
11300
11400
11500
11600
11700
11800
11900
12000
12100
12200
12300
12400
12500
12600
12700
12800
12900
13000
13100
13200
13300
13400
13500
13600
13700
13800
13900
14000
14100
14200
14300
14400
14500
14600
14700
14800
14900
15000
15100
15200
15300
15400
15500
15600
15700
15800
15900
16000
16100
16200
16300
16400
16500
16600
16700
16800
16900
17000
17100
17200
17300
17400
17500
17600
17700
17800
17900
18000
18100
18200
18300
18400
18500
18600
18700
18800
18900
19000
19100
19200
19300
19400
19500
19600
19700
19800
19900
20000
20100
20200
20300
20400
20500
20600
20700
20800
20900
21000
21100
21200
21300
21400
21500
21600
21700
21800
21900
22000
22100
22200
22300
22400
22500
22600
22700
22800
22900
23000
23100
23200
23300
23400
23500
23600
23700
23800
23900
24000
24100
24200
24300
24400
24500
24600
24700
24800
24900
25000
25100
25200
25300
25400
25500
25600
25700
25800
25900
26000
26100
26200
26300
26400
26500
26600
26700
26800
26900
27000
27100
27200
27300
27400
27500
27600
27700
27800
27900
28000
28100
28200
28300
28400
28500
28600
28700
28800
28900
29000
29100
29200
29300
29400
29500
29600
29700
29800
29900
30000
30100
30200
30300
30400
30500
30600
30700
30800
30900
31000
31100
31200
31300
31400
31500
31600
31700
31800
31900
32000
32100
32200
32300
32400
32500
32600
32700
32800
32900
33000
33100
33200
33300
33400
33500
33600
33700
33800
33900
34000
34100
34200
34300
34400
34500
34600
34700
34800
34900
35000
35100
35200
35300
35400
35500
35600
35700
35800
35900
36000
36100
36200
36300
36400
36500
36600
36700
36800
36900
37000
37100
37200
37300
37400
37500
37600
37700
37800
37900
38000
38100
38200
38300
38400
38500
38600
38700
38800
38900
39000
39100
39200
39300
39400
39500
39600
39700
39800
39900
40000
Pipeline Step 4 finished!! 
Before article drop: 40041 articles
Before article drop: 870235 sentences
Dropping 299 articles:
[46, 120, 221, 439, 689, 728, 740, 984, 990, 1100, 1176, 2111, 2185, 2361, 2522, 2544, 2609, 2673, 2758, 2967, 3050, 3070, 3101, 3268, 3392, 3433, 3605, 3697, 3808, 3811, 4208, 4469, 4664, 4681, 4772, 4791, 4812, 5109, 5163, 5243, 5366, 5400, 5412, 5565, 5566, 5585, 5609, 5612, 6065, 6134, 6292, 6294, 6360, 6563, 6610, 6661, 6856, 7003, 7021, 7128, 7131, 7317, 7427, 7455, 7521, 7628, 7638, 7780, 7988, 8105, 8112, 8266, 8435, 8571, 8865, 8981, 9027, 9299, 9307, 9336, 9723, 9747, 9841, 10273, 10424, 10473, 10688, 10734, 10969, 11026, 11076, 11245, 11342, 11500, 12026, 12117, 12178, 12189, 12281, 12471, 12668, 12673, 12724, 12773, 12784, 12962, 13101, 13148, 13185, 13250, 13326, 13449, 13454, 13553, 13564, 13993, 14232, 14259, 14270, 14320, 14583, 14876, 14909, 14983, 14999, 15045, 15140, 15266, 15345, 15390, 15590, 15713, 15775, 15834, 15869, 16119, 16196, 16301, 16354, 17262, 17371, 17435, 17547, 17629, 17664, 18230, 18362, 18455, 18469, 18472, 18507, 18703, 18744, 18968, 19119, 19239, 19262, 19273, 19287, 19397, 19566, 19783, 19827, 19965, 20196, 20297, 20480, 20622, 20878, 20888, 21593, 21644, 21844, 21918, 21922, 22056, 22132, 22214, 22239, 22426, 22441, 22506, 22598, 22704, 22938, 23151, 23749, 23850, 23860, 23883, 24205, 24220, 24306, 24637, 24707, 24788, 25155, 25297, 25587, 25639, 25767, 25961, 26160, 26234, 26387, 26471, 26561, 26692, 26925, 27416, 27443, 27474, 27662, 27679, 27725, 27837, 27933, 27935, 28038, 28133, 28186, 28235, 28448, 28552, 29450, 29515, 29677, 29980, 30000, 30047, 30054, 30108, 30111, 30145, 30321, 30756, 30839, 31134, 31356, 31358, 31396, 31494, 31554, 31564, 31583, 31737, 31754, 31824, 31963, 32267, 32307, 32527, 32731, 32734, 33047, 33448, 33505, 33582, 33650, 33690, 33763, 33984, 34046, 34143, 34544, 35031, 35037, 35109, 35246, 35709, 35762, 35787, 35816, 35862, 36342, 36346, 36516, 36596, 36615, 36641, 36763, 36925, 37041, 37210, 37338, 37558, 37706, 37885, 38242, 38252, 38380, 38551, 38924, 39004, 39068, 39197, 39312, 39653, 39918]
After article drop: 39742 articles
After article drop: 869149 sentences
Dropping 161671 sentences:
869149
707478
Index(['article_index', 'nopos_resolved_text', 'nopos_nonresolved_text',
       'pos_nonresolved_text', 'pos_resolved_text', 'quot_label', 'link_label',
       'namelink_label'],
      dtype='object')
Pipeline Step 5 finished!! 
Pipeline Step 6 finished!! 
707478 long...___
Processed 50000 nonresolved_sentences.
Processed 100000 nonresolved_sentences.
Processed 150000 nonresolved_sentences.
Processed 200000 nonresolved_sentences.
Processed 250000 nonresolved_sentences.
Processed 300000 nonresolved_sentences.
Processed 350000 nonresolved_sentences.
Processed 400000 nonresolved_sentences.
Processed 450000 nonresolved_sentences.
Processed 500000 nonresolved_sentences.
Processed 550000 nonresolved_sentences.
Processed 600000 nonresolved_sentences.
Processed 650000 nonresolved_sentences.
Processed 700000 nonresolved_sentences.
Processed 50000 resolved_sentences.
Processed 100000 resolved_sentences.
Processed 150000 resolved_sentences.
Processed 200000 resolved_sentences.
Processed 250000 resolved_sentences.
Processed 300000 resolved_sentences.
Processed 350000 resolved_sentences.
Processed 400000 resolved_sentences.
Processed 450000 resolved_sentences.
Processed 500000 resolved_sentences.
Processed 550000 resolved_sentences.
Processed 600000 resolved_sentences.
Processed 650000 resolved_sentences.
Processed 700000 resolved_sentences.
Pipeline Step 7 finished!! 
