[nltk_data] Downloading package stopwords to /root/nltk_data...
[nltk_data]   Package stopwords is already up-to-date!
2023-05-26 07:20:45.576648: I tensorflow/core/platform/cpu_feature_guard.cc:193] This TensorFlow binary is optimized with oneAPI Deep Neural Network Library (oneDNN) to use the following CPU instructions in performance-critical operations:  SSE4.1 SSE4.2 AVX AVX2 FMA
To enable them in other operations, rebuild TensorFlow with the appropriate compiler flags.
50
100
index: 140 resolved_length: 36
striped (original) length: 37
Kerguelen
['Die Küsten sind überwiegend felsig und fallen steil ab ', 'Im Durchschnitt liegen die Inselränder fast 200 m über dem Meer , teilweise erreichen Inselränder sogar Höhen um 800 m wie am Cap des Aiguilles deutsch Nadelkap und am Cap du Challenger beide an der Südküste der Halbinsel Jeanne d’ Arc ']
['Im Durchschnitt liegen die Inselränder fast 200 m über dem Meer, teilweise erreichen sie sogar Höhen um 800 m wie am Cap des Aiguilles deutsch Nadelkap und am Cap du Challenger beide an der Südküste der Halbinsel Jeanne d’Arc', ' ']
150
200
250
300
350
400
450
500
550
600
650
700
750
800
850
900
950
1000
1050
1100
1150
1200
1250
1300
1350
1400
1450
1500
1550
1600
1650
1700
1750
1800
1850
index: 1872 resolved_length: 458
striped (original) length: 459
St. Maria (Buxheim)
['In : Michael Petzet Hrsg : ', 'München 1994 , ISBN 3 - 87490 - 569 - 1 ']
['In: Michael Petzet Hrsg: ', 'München 1994, ISBN 3-87490-569-1']
1900
1950
2000
2050
2100
2150
2200
2250
2300
2350
2400
2450
2500
2550
2600
2650
2700
2750
2800
2850
2900
2950
3000
3050
3100
3150
3200
3250
3300
3350
3400
3450
3500
3550
3600
3650
3700
3750
3800
3850
3900
3950
4000
4050
4100
4150
4200
dropping no. indices:2
140
1872
 took 10450.744671344757 time
Pipeline Step 3 finished!! 
100
200
300
400
500
600
700
800
900
1000
1100
1200
1300
1400
1500
1600
1700
1800
1900
2000
2100
2200
2300
2400
2500
2600
2700
2800
2900
3000
3100
3200
3300
3400
3500
3600
3700
3800
3900
4000
4100
4200
!!!!non-resolved-done!!!!!!
!!!!non-resolved-done!!!!!!
!!!!non-resolved-done!!!!!!
100
200
300
400
500
600
700
800
900
1000
1100
1200
1300
1400
1500
1600
1700
1800
1900
2000
2100
2200
2300
2400
2500
2600
2700
2800
2900
3000
3100
3200
3300
3400
3500
3600
3700
3800
3900
4000
4100
4200
Pipeline Step 4 finished!! 
Before article drop: 4231 articles
Before article drop: 748318 sentences
Dropping 4 articles:
[52, 940, 1834, 2758]
After article drop: 4227 articles
After article drop: 748308 sentences
Dropping 96640 sentences:
748308
651668
Index(['article_index', 'nopos_resolved_text', 'nopos_nonresolved_text',
       'pos_nonresolved_text', 'pos_resolved_text', 'quot_label', 'link_label',
       'namelink_label'],
      dtype='object')
Pipeline Step 5 finished!! 
Pipeline Step 6 finished!! 
